MPASM 5.81                     INTERRUPT.ASM   2-17-2020  16:34:15         PAGE  1


LOC  OBJECT CODE     LINE SOURCE TEXT
  VALUE

                      00001 ;       #include p18f87k22.inc
                      00002 ;
                      00003 ;
                      00004 ;extern interrupt_setup 
                      00005 ;       
                      00006 ;interrupt   code
                      00007 ;   
                      00008 ;   
                      00009 ;hi_int code 0x0008
                      00010 ;       btfss   INTCON,INTOIF
                      00011 ;       retfie  FAST
                      00012 ;       call    compare_red
                      00013 ;       btfss   INTCON3,INT1IF
                      00014 ;       retfie  FAST
                      00015 ;       call    compare_blue
                      00016 ;       btfss   INTCON3,INT2IF
                      00017 ;       retfie  FAST
                      00018 ;       call    compare_violet
                      00019 ;       btfss   INTCON3,INT3IF
                      00020 ;       retfie  FAST
                      00021 ;       call    compare_yellow
                      00022 ;       
                      00023 ;interrupt_setup        setf TRISB
                      00024 ;       clrf PORTB
                      00025 ;       bsf INTCON
                      00026 ;       
                      00027         
                      00028   end
MPASM 5.81                     INTERRUPT.ASM   2-17-2020  16:34:15         PAGE  2


SYMBOL TABLE
  LABEL                             VALUE 

__18F87K22                        00000001
__DEBUG                           
__MPLAB_DEBUGGER_ICD3             1

Errors   :     0
Warnings :     0 reported,     0 suppressed
Messages :     0 reported,     0 suppressed

