MPASM 5.81                          MAIN.ASM   2-17-2020  16:45:05         PAGE  1


LOC  OBJECT CODE     LINE SOURCE TEXT
  VALUE

                      00001         #include p18f87k22.inc
                      00001         LIST
                      00002 
                      00003 ;==========================================================================
                      00004 ; Build date : Jul 23 2018
                      00005 ;  MPASM PIC18F87K22 processor include
                      00006 ; 
                      00007 ;  (c) Copyright 1999-2018 Microchip Technology, All rights reserved
                      00008 ;==========================================================================
                      00009 
                      02986         LIST
                      00002 
                      00003 acs0    udata_acs                               ; named variables in access ram 
000000                00004 d0      res 1                               ; reserve 1 byte for variable delay
000001                00005 d1      res 1
000002                00006 d2      res 1
000003                00007 level   res 1
000004                00008 Length res 1
                      00009         
                      00010 tables  udata   0x400             ; reserve data anywhere in RAM (here at 0x400)
000400                00011 TextLocation res 0x80                       ; reserve 128 bytes for message data
                      00012 
                      00013  ;
                      00014 
  0000                00015         extern  LCD_Setup, LCD_Write_Message          ; external LCD subroutines
  0000                00016         extern writemessage
  0000                00017         extern setup
  0000                00018         global TextLocation
  0000                00019         global Greeting
  0000                00020         global Length
                      00021         ;global myTable_1
                      00022 
                      00023 rst     code    0                                                ;reset vector
000000 EF?? F???      00024         goto    initialise
                      00025         
                      00026 pdata    code
                      00027          ;      ; ******* Greeting, data in programme memory, and its length *****
000000 7250 7365 2073 00028 Greeting data       "Press any key\n"   ; message, plus carriage return
       6E61 2079 656B 
       0A79 
  000E                00029         constant greet_len = .14
                      00030         
                      00031 main    code
                      00032 
000000 EC?? F???      00033 initialise call setup   
000004 0E0E           00034         movlw greet_len
000006 6E??           00035         movwf Length ; length of data
000008 EC?? F???      00036         call writemessage
00000C EF?? F???      00037         goto $
                      00038 
                      00039 ;setupMessageRAM
                      00040 
                      00041 
MPASM 5.81                          MAIN.ASM   2-17-2020  16:45:05         PAGE  2


LOC  OBJECT CODE     LINE SOURCE TEXT
  VALUE

                      00042         end
MPASM 5.81                          MAIN.ASM   2-17-2020  16:45:05         PAGE  3


SYMBOL TABLE
  LABEL                             VALUE 

A                                 00000000
A16                               00000000
A17                               00000001
A18                               00000002
A19                               00000003
ABDEN                             00000000
ABDOVF                            00000007
ACCESS                            00000000
ACKDT                             00000005
ACKEN                             00000004
ACKSTAT                           00000006
ACQT0                             00000003
ACQT1                             00000004
ACQT2                             00000005
AD0                               00000000
AD1                               00000001
AD10                              00000002
AD11                              00000003
AD12                              00000004
AD13                              00000005
AD14                              00000006
AD15                              00000007
AD2                               00000002
AD3                               00000003
AD4                               00000004
AD5                               00000005
AD6                               00000006
AD7                               00000007
AD8                               00000000
AD9                               00000001
ADCMD                             00000000
ADCON0                            00000FC2
ADCON1                            00000FC1
ADCON2                            00000FC0
ADCS0                             00000000
ADCS1                             00000001
ADCS2                             00000002
ADDEN                             00000003
ADDEN1                            00000003
ADDEN2                            00000003
ADEN                              00000003
ADFM                              00000007
ADIE                              00000006
ADIF                              00000006
ADIP                              00000006
ADMSK1                            00000001
ADMSK2                            00000002
ADMSK3                            00000003
ADMSK4                            00000004
ADMSK5                            00000005
ADON                              00000000
ADRES                             00000FC3
ADRESH                            00000FC4
MPASM 5.81                          MAIN.ASM   2-17-2020  16:45:05         PAGE  4


SYMBOL TABLE
  LABEL                             VALUE 

ADRESL                            00000FC3
ALE                               00000000
ALRMCFG                           00000F5B
ALRMEN                            00000007
ALRMPTR0                          00000000
ALRMPTR1                          00000001
ALRMRPT                           00000F5A
ALRMVAL                           00000F58
ALRMVALH                          00000F59
ALRMVALL                          00000F58
AMASK0                            00000002
AMASK1                            00000003
AMASK2                            00000004
AMASK3                            00000005
AN0                               00000000
AN1                               00000001
AN10                              00000005
AN11                              00000006
AN12                              00000004
AN13                              00000005
AN14                              00000006
AN15                              00000007
AN16                              00000004
AN17                              00000003
AN18                              00000002
AN19                              00000001
AN2                               00000002
AN20                              00000003
AN21                              00000002
AN22                              00000001
AN23                              00000000
AN3                               00000003
AN4                               00000005
AN5                               00000007
AN6                               00000001
AN7                               00000002
AN8                               00000003
AN9                               00000004
ANCON0                            00000F25
ANCON1                            00000F24
ANCON2                            00000F23
ANSEL0                            00000000
ANSEL1                            00000001
ANSEL10                           00000002
ANSEL11                           00000003
ANSEL12                           00000004
ANSEL13                           00000005
ANSEL14                           00000006
ANSEL15                           00000007
ANSEL16                           00000000
ANSEL17                           00000001
ANSEL18                           00000002
ANSEL19                           00000003
MPASM 5.81                          MAIN.ASM   2-17-2020  16:45:05         PAGE  5


SYMBOL TABLE
  LABEL                             VALUE 

ANSEL2                            00000002
ANSEL20                           00000004
ANSEL21                           00000005
ANSEL22                           00000006
ANSEL23                           00000007
ANSEL3                            00000003
ANSEL4                            00000004
ANSEL5                            00000005
ANSEL6                            00000006
ANSEL7                            00000007
ANSEL8                            00000000
ANSEL9                            00000001
ARPT0                             00000000
ARPT1                             00000001
ARPT2                             00000002
ARPT3                             00000003
ARPT4                             00000004
ARPT5                             00000005
ARPT6                             00000006
ARPT7                             00000007
BA0                               00000004
BANKED                            00000001
BAUDCON                           00000F65
BAUDCON1                          00000F65
BAUDCON2                          00000F20
BAUDCTL                           00000F65
BCL1IE                            00000003
BCL1IF                            00000003
BCL1IP                            00000003
BCL2IE                            00000004
BCL2IF                            00000004
BCL2IP                            00000004
BCLIE                             00000003
BCLIF                             00000003
BCLIP                             00000003
BF                                00000000
BGVST                             00000006
BOR                               00000000
BRG16                             00000003
BRGH                              00000002
BRGH1                             00000002
BRGH2                             00000002
BSR                               00000FE0
C                                 00000000
C10TSEL0                          00000004
C1INA                             00000006
C1INB                             00000005
C1INC                             00000006
C1OUT                             00000002
C1TSEL0                           00000000
C1TSEL1                           00000001
C1TSEL2                           00000002
C2INA                             00000004
MPASM 5.81                          MAIN.ASM   2-17-2020  16:45:05         PAGE  6


SYMBOL TABLE
  LABEL                             VALUE 

C2INB                             00000003
C2INC                             00000004
C2IND                             00000005
C2OUT                             00000001
C2TSEL0                           00000003
C2TSEL1                           00000004
C2TSEL2                           00000005
C3INA                             00000002
C3INB                             00000003
C3INC                             00000004
C3OUT                             00000001
C3TSEL0                           00000006
C3TSEL1                           00000007
C4TSEL0                           00000000
C4TSEL1                           00000001
C5TSEL0                           00000002
C6TSEL0                           00000004
C7TSEL0                           00000006
C7TSEL1                           00000007
C8TSEL0                           00000000
C8TSEL1                           00000001
C9TSEL0                           00000002
CAL0                              00000000
CAL1                              00000001
CAL2                              00000002
CAL3                              00000003
CAL4                              00000004
CAL5                              00000005
CAL6                              00000006
CAL7                              00000007
CCH0                              00000000
CCH1                              00000001
CCP1                              00000002
CCP10                             00000002
CCP10CON                          00000F40
CCP10IE                           00000007
CCP10IF                           00000007
CCP10IP                           00000007
CCP10M0                           00000000
CCP10M1                           00000001
CCP10M2                           00000002
CCP10M3                           00000003
CCP10MD                           00000007
CCP10OD                           00000007
CCP10X                            00000005
CCP10Y                            00000004
CCP1CON                           00000FBB
CCP1IE                            00000001
CCP1IF                            00000001
CCP1IP                            00000001
CCP1M0                            00000000
CCP1M1                            00000001
CCP1M2                            00000002
MPASM 5.81                          MAIN.ASM   2-17-2020  16:45:05         PAGE  7


SYMBOL TABLE
  LABEL                             VALUE 

CCP1M3                            00000003
CCP1MD                            00000005
CCP1OD                            00000005
CCP1X                             00000005
CCP1Y                             00000004
CCP2CON                           00000F4E
CCP2IE                            00000002
CCP2IF                            00000002
CCP2IP                            00000002
CCP2M0                            00000000
CCP2M1                            00000001
CCP2M2                            00000002
CCP2M3                            00000003
CCP2MD                            00000006
CCP2OD                            00000006
CCP2X                             00000005
CCP2Y                             00000004
CCP2_P2A                          00000003
CCP2_PORTC                        00000001
CCP2_PORTE                        00000007
CCP3                              00000000
CCP3CON                           00000F49
CCP3IE                            00000000
CCP3IF                            00000000
CCP3IP                            00000000
CCP3M0                            00000000
CCP3M1                            00000001
CCP3M2                            00000002
CCP3M3                            00000003
CCP3MD                            00000007
CCP3OD                            00000000
CCP4                              00000003
CCP4CON                           00000F77
CCP4IE                            00000001
CCP4IF                            00000001
CCP4IP                            00000001
CCP4M0                            00000000
CCP4M1                            00000001
CCP4M2                            00000002
CCP4M3                            00000003
CCP4MD                            00000001
CCP4OD                            00000001
CCP4X                             00000005
CCP4Y                             00000004
CCP5                              00000004
CCP5CON                           00000F74
CCP5IE                            00000002
CCP5IF                            00000002
CCP5IP                            00000002
CCP5M0                            00000000
CCP5M1                            00000001
CCP5M2                            00000002
CCP5M3                            00000003
MPASM 5.81                          MAIN.ASM   2-17-2020  16:45:05         PAGE  8


SYMBOL TABLE
  LABEL                             VALUE 

CCP5MD                            00000002
CCP5OD                            00000002
CCP5X                             00000005
CCP5Y                             00000004
CCP6CON                           00000F71
CCP6IE                            00000003
CCP6IF                            00000003
CCP6IP                            00000003
CCP6M0                            00000000
CCP6M1                            00000001
CCP6M2                            00000002
CCP6M3                            00000003
CCP6MD                            00000003
CCP6OD                            00000003
CCP6X                             00000005
CCP6Y                             00000004
CCP6_PORTE                        00000006
CCP6_PORTH                        00000007
CCP7CON                           00000F6E
CCP7IE                            00000004
CCP7IF                            00000004
CCP7IP                            00000004
CCP7M0                            00000000
CCP7M1                            00000001
CCP7M2                            00000002
CCP7M3                            00000003
CCP7MD                            00000004
CCP7OD                            00000004
CCP7X                             00000005
CCP7Y                             00000004
CCP7_PORTE                        00000005
CCP7_PORTH                        00000006
CCP8CON                           00000F46
CCP8IE                            00000005
CCP8IF                            00000005
CCP8IP                            00000005
CCP8M0                            00000000
CCP8M1                            00000001
CCP8M2                            00000002
CCP8M3                            00000003
CCP8MD                            00000005
CCP8OD                            00000005
CCP8X                             00000005
CCP8Y                             00000004
CCP8_PORTE                        00000004
CCP8_PORTH                        00000005
CCP9CON                           00000F43
CCP9IE                            00000006
CCP9IF                            00000006
CCP9IP                            00000006
CCP9M0                            00000000
CCP9M1                            00000001
CCP9M2                            00000002
MPASM 5.81                          MAIN.ASM   2-17-2020  16:45:05         PAGE  9


SYMBOL TABLE
  LABEL                             VALUE 

CCP9M3                            00000003
CCP9MD                            00000006
CCP9OD                            00000006
CCP9X                             00000005
CCP9Y                             00000004
CCP9_PORTE                        00000003
CCP9_PORTH                        00000004
CCPR1                             00000FBC
CCPR10                            00000F41
CCPR10H                           00000F42
CCPR10L                           00000F41
CCPR1H                            00000FBD
CCPR1L                            00000FBC
CCPR2                             00000F4F
CCPR2H                            00000F50
CCPR2L                            00000F4F
CCPR3                             00000F4A
CCPR3H                            00000F4B
CCPR3L                            00000F4A
CCPR4                             00000F78
CCPR4H                            00000F79
CCPR4L                            00000F78
CCPR5                             00000F75
CCPR5H                            00000F76
CCPR5L                            00000F75
CCPR6                             00000F72
CCPR6H                            00000F73
CCPR6L                            00000F72
CCPR7                             00000F6F
CCPR7H                            00000F70
CCPR7L                            00000F6F
CCPR8                             00000F47
CCPR8H                            00000F48
CCPR8L                            00000F47
CCPR9                             00000F44
CCPR9H                            00000F45
CCPR9L                            00000F44
CCPTMRS0                          00000F2D
CCPTMRS1                          00000F2C
CCPTMRS2                          00000F2B
CE                                00000005
CFGS                              00000006
CHIME                             00000006
CHS0                              00000002
CHS1                              00000003
CHS2                              00000004
CHS3                              00000005
CHS4                              00000006
CHSN0                             00000000
CHSN1                             00000001
CHSN2                             00000002
CK1                               00000006
CK2                               00000001
MPASM 5.81                          MAIN.ASM   2-17-2020  16:45:05         PAGE 10


SYMBOL TABLE
  LABEL                             VALUE 

CKE                               00000006
CKP                               00000004
CLKI                              00000007
CLKO                              00000006
CM                                00000005
CM1CON                            00000F54
CM1CON1                           00000F54
CM2CON                            00000F2F
CM2CON1                           00000F2F
CM3CON                            00000F2E
CM3CON1                           00000F2E
CMP1IE                            00000000
CMP1IF                            00000000
CMP1IP                            00000000
CMP1MD                            00000000
CMP1OUT                           00000005
CMP2IE                            00000001
CMP2IF                            00000001
CMP2IP                            00000001
CMP2MD                            00000001
CMP2OUT                           00000006
CMP3IE                            00000002
CMP3IF                            00000002
CMP3IP                            00000002
CMP3MD                            00000002
CMP3OUT                           00000007
CMPL0                             00000006
CMPL1                             00000007
CMSTAT                            00000FB4
CMSTATUS                          00000FB4
COE                               00000006
CON                               00000007
CPOL                              00000005
CREF                              00000002
CREN                              00000004
CREN1                             00000004
CREN2                             00000004
CSRC                              00000007
CSRC1                             00000007
CSRC2                             00000007
CTDIN                             00000001
CTED1                             00000002
CTED2                             00000003
CTMUCONH                          00000F57
CTMUCONL                          00000F56
CTMUDS                            00000000
CTMUEN                            00000007
CTMUI                             00000003
CTMUICON                          00000F55
CTMUIE                            00000003
CTMUIF                            00000003
CTMUIP                            00000003
CTMUMD                            00000006
MPASM 5.81                          MAIN.ASM   2-17-2020  16:45:05         PAGE 11


SYMBOL TABLE
  LABEL                             VALUE 

CTMUSIDL                          00000005
CTPLS                             00000000
CTTRIG                            00000000
CVR0                              00000000
CVR1                              00000001
CVR2                              00000002
CVR3                              00000003
CVR4                              00000004
CVRCON                            00000FB5
CVREF                             00000005
CVREN                             00000007
CVROE                             00000006
CVRSS                             00000005
D                                 00000005
DATA_ADDRESS                      00000005
DC                                00000001
DC10B0                            00000004
DC10B1                            00000005
DC1B0                             00000004
DC1B1                             00000005
DC2B0                             00000004
DC2B1                             00000005
DC3B0                             00000004
DC3B1                             00000005
DC4B0                             00000004
DC4B1                             00000005
DC5B0                             00000004
DC5B1                             00000005
DC6B0                             00000004
DC6B1                             00000005
DC7B0                             00000004
DC7B1                             00000005
DC8B0                             00000004
DC8B1                             00000005
DC9B0                             00000004
DC9B1                             00000005
DDRA                              TRISA
DDRB                              TRISB
DDRC                              TRISC
DDRD                              TRISD
DDRE                              TRISE
DONE                              00000001
DT1                               00000007
DT2                               00000002
D_A                               00000005
D_NOT_A                           00000005
EBDIS                             00000007
ECCP1AS                           00000FBF
ECCP1AS0                          00000004
ECCP1AS1                          00000005
ECCP1AS2                          00000006
ECCP1ASE                          00000007
ECCP1CON                          00000FBB
MPASM 5.81                          MAIN.ASM   2-17-2020  16:45:05         PAGE 12


SYMBOL TABLE
  LABEL                             VALUE 

ECCP1DEL                          00000FBE
ECCP2AS                           00000F52
ECCP2AS0                          00000004
ECCP2AS1                          00000005
ECCP2AS2                          00000006
ECCP2ASE                          00000007
ECCP2CON                          00000F4E
ECCP2DEL                          00000F51
ECCP3AS                           00000F4D
ECCP3AS0                          00000004
ECCP3AS1                          00000005
ECCP3AS2                          00000006
ECCP3ASE                          00000007
ECCP3DEL                          00000F4C
EDG1POL                           00000004
EDG1SEL0                          00000002
EDG1SEL1                          00000003
EDG1STAT                          00000000
EDG2POL                           00000007
EDG2SEL0                          00000005
EDG2SEL1                          00000006
EDG2STAT                          00000001
EDGEN                             00000003
EDGSEQEN                          00000002
EEADR                             00000F62
EEADRH                            00000F63
EECON1                            00000F7F
EECON2                            00000F7E
EEDATA                            00000F61
EEIE                              00000004
EEIF                              00000004
EEIP                              00000004
EEPGD                             00000007
EMBMD                             00000000
EVPOL0                            00000003
EVPOL1                            00000004
FAST                              00000001
FERR                              00000002
FERR1                             00000002
FERR2                             00000002
FLT0                              00000000
FREE                              00000004
FSR0                              00000000
FSR0H                             00000FEA
FSR0L                             00000FE9
FSR1                              00000001
FSR1H                             00000FE2
FSR1L                             00000FE1
FSR2                              00000002
FSR2H                             00000FDA
FSR2L                             00000FD9
GCEN                              00000007
GIE                               00000007
MPASM 5.81                          MAIN.ASM   2-17-2020  16:45:05         PAGE 13


SYMBOL TABLE
  LABEL                             VALUE 

GIEH                              00000007
GIEL                              00000006
GIE_GIEH                          00000007
GO                                00000001
GO_NOT_DONE                       00000001
Greeting                          00000000
HALFSEC                           00000003
HFIOFS                            00000002
HLVDCON                           00000FA8
HLVDEN                            00000004
HLVDIE                            00000002
HLVDIF                            00000002
HLVDIN                            00000005
HLVDIP                            00000002
HLVDL0                            00000000
HLVDL1                            00000001
HLVDL2                            00000002
HLVDL3                            00000003
I2C_DAT                           00000005
I2C_READ                          00000002
I2C_START                         00000003
I2C_STOP                          00000004
IBF                               00000007
IBOV                              00000005
IDISSEN                           00000001
IDLEN                             00000007
INDF0                             00000FEF
INDF1                             00000FE7
INDF2                             00000FDF
INT0                              00000000
INT0E                             00000004
INT0F                             00000001
INT0IE                            00000004
INT0IF                            00000001
INT1                              00000001
INT1E                             00000003
INT1F                             00000000
INT1IE                            00000003
INT1IF                            00000000
INT1IP                            00000006
INT1P                             00000006
INT2                              00000002
INT2E                             00000004
INT2F                             00000001
INT2IE                            00000004
INT2IF                            00000001
INT2IP                            00000007
INT2P                             00000007
INT3                              00000003
INT3E                             00000005
INT3F                             00000002
INT3IE                            00000005
INT3IF                            00000002
MPASM 5.81                          MAIN.ASM   2-17-2020  16:45:05         PAGE 14


SYMBOL TABLE
  LABEL                             VALUE 

INT3IP                            00000001
INT3P                             00000001
INTCON                            00000FF2
INTCON2                           00000FF1
INTCON3                           00000FF0
INTEDG0                           00000006
INTEDG1                           00000005
INTEDG2                           00000004
INTEDG3                           00000003
INTSRC                            00000007
IPEN                              00000007
IPR1                              00000F9F
IPR2                              00000FA2
IPR3                              00000FA5
IPR4                              00000FB8
IPR5                              00000FD2
IPR6                              00000FA9
IRCF0                             00000004
IRCF1                             00000005
IRCF2                             00000006
IRNG0                             00000000
IRNG1                             00000001
IRVST                             00000005
ITRIM0                            00000002
ITRIM1                            00000003
ITRIM2                            00000004
ITRIM3                            00000005
ITRIM4                            00000006
ITRIM5                            00000007
KBI0                              00000004
KBI1                              00000005
KBI2                              00000006
KBI3                              00000007
LATA                              00000F89
LATA0                             00000000
LATA1                             00000001
LATA2                             00000002
LATA3                             00000003
LATA4                             00000004
LATA5                             00000005
LATA6                             00000006
LATA7                             00000007
LATB                              00000F8A
LATB0                             00000000
LATB1                             00000001
LATB2                             00000002
LATB3                             00000003
LATB4                             00000004
LATB5                             00000005
LATB6                             00000006
LATB7                             00000007
LATC                              00000F8B
LATC0                             00000000
MPASM 5.81                          MAIN.ASM   2-17-2020  16:45:05         PAGE 15


SYMBOL TABLE
  LABEL                             VALUE 

LATC1                             00000001
LATC2                             00000002
LATC3                             00000003
LATC4                             00000004
LATC5                             00000005
LATC6                             00000006
LATC7                             00000007
LATD                              00000F8C
LATD0                             00000000
LATD1                             00000001
LATD2                             00000002
LATD3                             00000003
LATD4                             00000004
LATD5                             00000005
LATD6                             00000006
LATD7                             00000007
LATE                              00000F8D
LATE0                             00000000
LATE1                             00000001
LATE2                             00000002
LATE3                             00000003
LATE4                             00000004
LATE5                             00000005
LATE6                             00000006
LATE7                             00000007
LATF                              00000F8E
LATF1                             00000001
LATF2                             00000002
LATF3                             00000003
LATF4                             00000004
LATF5                             00000005
LATF6                             00000006
LATF7                             00000007
LATG                              00000F8F
LATG0                             00000000
LATG1                             00000001
LATG2                             00000002
LATG3                             00000003
LATG4                             00000004
LATH                              00000F90
LATH0                             00000000
LATH1                             00000001
LATH2                             00000002
LATH3                             00000003
LATH4                             00000004
LATH5                             00000005
LATH6                             00000006
LATH7                             00000007
LATJ                              00000F91
LATJ0                             00000000
LATJ1                             00000001
LATJ2                             00000002
LATJ3                             00000003
MPASM 5.81                          MAIN.ASM   2-17-2020  16:45:05         PAGE 16


SYMBOL TABLE
  LABEL                             VALUE 

LATJ4                             00000004
LATJ5                             00000005
LATJ6                             00000006
LATJ7                             00000007
LB                                00000006
LCD_Setup                         00000000
LCD_Write_Message                 00000000
LVDIE                             00000002
LVDIF                             00000002
LVDIP                             00000002
Length                            00000004
MEMCON                            00000F26
MFIOFS                            00000001
MFIOSEL                           00000000
MSK0                              00000000
MSK1                              00000001
MSK2                              00000002
MSK3                              00000003
MSK4                              00000004
MSK5                              00000005
MSK6                              00000006
MSK7                              00000007
N                                 00000004
NOT_A                             00000005
NOT_ADDRESS                       00000005
NOT_BOR                           00000000
NOT_CM                            00000005
NOT_CS                            00000002
NOT_DONE                          00000001
NOT_PD                            00000002
NOT_POR                           00000001
NOT_RBPU                          00000007
NOT_RC8                           00000006
NOT_RD                            00000000
NOT_RI                            00000004
NOT_SS2                           00000007
NOT_T1DONE                        00000003
NOT_T1SYNC                        00000002
NOT_T3DONE                        00000003
NOT_T3SYNC                        00000002
NOT_T5DONE                        00000003
NOT_T5SYNC                        00000002
NOT_T7DONE                        00000003
NOT_T7SYNC                        00000002
NOT_TO                            00000003
NOT_TX8                           00000006
NOT_W                             00000002
NOT_WR                            00000001
NOT_WRITE                         00000002
OBF                               00000006
ODCON1                            00000F29
ODCON2                            00000F28
ODCON3                            00000F27
MPASM 5.81                          MAIN.ASM   2-17-2020  16:45:05         PAGE 17


SYMBOL TABLE
  LABEL                             VALUE 

OE                                00000001
OERR                              00000001
OERR1                             00000001
OERR2                             00000001
OSC1                              00000007
OSC2                              00000006
OSCCON                            00000FD3
OSCCON2                           00000F64
OSCFIE                            00000007
OSCFIF                            00000007
OSCFIP                            00000007
OSCTUNE                           00000F9B
OSTS                              00000003
OV                                00000003
P                                 00000004
P1A                               00000002
P1B                               00000006
P1C                               00000005
P1DC0                             00000000
P1DC1                             00000001
P1DC2                             00000002
P1DC3                             00000003
P1DC4                             00000004
P1DC5                             00000005
P1DC6                             00000006
P1M0                              00000006
P1M1                              00000007
P1RSEN                            00000007
P2A_PORTC                         00000001
P2A_PORTE                         00000007
P2B                               00000002
P2C                               00000001
P2D                               00000000
P2DC0                             00000000
P2DC1                             00000001
P2DC2                             00000002
P2DC3                             00000003
P2DC4                             00000004
P2DC5                             00000005
P2DC6                             00000006
P2M0                              00000006
P2M1                              00000007
P2RSEN                            00000007
P3B                               00000004
P3C                               00000003
P3DC0                             00000000
P3DC1                             00000001
P3DC2                             00000002
P3DC3                             00000003
P3DC4                             00000004
P3DC5                             00000005
P3DC6                             00000006
P3M0                              00000006
MPASM 5.81                          MAIN.ASM   2-17-2020  16:45:05         PAGE 18


SYMBOL TABLE
  LABEL                             VALUE 

P3M1                              00000007
P3RSEN                            00000007
PA3                               00000000
PADCFG1                           00000F53
PB1                               00000007
PB3                               00000005
PC                                00000FF9
PC1                               00000006
PC3                               00000004
PCL                               00000FF9
PCLATH                            00000FFA
PCLATU                            00000FFB
PD                                00000002
PD1                               00000004
PD3                               00000003
PEIE                              00000006
PEIE_GIEL                         00000006
PEN                               00000002
PGC                               00000006
PGD                               00000007
PGM                               00000005
PIE1                              00000F9D
PIE2                              00000FA0
PIE3                              00000FA3
PIE4                              00000FB6
PIE5                              00000FB9
PIE6                              00000F60
PIR1                              00000F9E
PIR2                              00000FA1
PIR3                              00000FA4
PIR4                              00000FB7
PIR5                              00000FBA
PIR6                              00000FA6
PLLEN                             00000006
PLUSW0                            00000FEB
PLUSW1                            00000FE3
PLUSW2                            00000FDB
PMD0                              00000F19
PMD1                              00000F18
PMD2                              00000F17
PMD3                              00000F16
POR                               00000001
PORTA                             00000F80
PORTB                             00000F81
PORTC                             00000F82
PORTD                             00000F83
PORTE                             00000F84
PORTF                             00000F85
PORTG                             00000F86
PORTH                             00000F87
PORTJ                             00000F88
POSTDEC0                          00000FED
POSTDEC1                          00000FE5
MPASM 5.81                          MAIN.ASM   2-17-2020  16:45:05         PAGE 19


SYMBOL TABLE
  LABEL                             VALUE 

POSTDEC2                          00000FDD
POSTINC0                          00000FEE
POSTINC1                          00000FE6
POSTINC2                          00000FDE
PR10                              00000F34
PR12                              00000F31
PR2                               00000FCB
PR4                               00000F6C
PR6                               00000F3A
PR8                               00000F37
PREINC0                           00000FEC
PREINC1                           00000FE4
PREINC2                           00000FDC
PROD                              00000FF3
PRODH                             00000FF4
PRODL                             00000FF3
PSA                               00000003
PSP0                              00000000
PSP1                              00000001
PSP2                              00000002
PSP3                              00000003
PSP4                              00000004
PSP5                              00000005
PSP6                              00000006
PSP7                              00000007
PSPCON                            00000FA7
PSPIE                             00000007
PSPIF                             00000007
PSPIP                             00000007
PSPMD                             00000007
PSPMODE                           00000004
PSS1AC0                           00000002
PSS1AC1                           00000003
PSS1BD0                           00000000
PSS1BD1                           00000001
PSS2AC0                           00000002
PSS2AC1                           00000003
PSS2BD0                           00000000
PSS2BD1                           00000001
PSS3AC0                           00000002
PSS3AC1                           00000003
PSS3BD0                           00000000
PSS3BD1                           00000001
PSTR1CON                          00000F9C
PSTR2CON                          00000F1B
PSTR3CON                          00000F1A
PWM1CON                           00000FBE
PWM2CON                           00000F51
R                                 00000002
RA0                               00000000
RA1                               00000001
RA2                               00000002
RA3                               00000003
MPASM 5.81                          MAIN.ASM   2-17-2020  16:45:05         PAGE 20


SYMBOL TABLE
  LABEL                             VALUE 

RA4                               00000004
RA5                               00000005
RA6                               00000006
RA7                               00000007
RB0                               00000000
RB1                               00000001
RB2                               00000002
RB3                               00000003
RB4                               00000004
RB5                               00000005
RB6                               00000006
RB7                               00000007
RBIE                              00000003
RBIF                              00000000
RBIP                              00000000
RBPU                              00000007
RC0                               00000000
RC1                               00000001
RC1IE                             00000005
RC1IF                             00000005
RC1IP                             00000005
RC2                               00000002
RC2IE                             00000005
RC2IF                             00000005
RC2IP                             00000005
RC3                               00000003
RC4                               00000004
RC5                               00000005
RC6                               00000006
RC7                               00000007
RC8_9                             00000006
RC9                               00000006
RCD8                              00000000
RCEN                              00000003
RCIDL                             00000006
RCIE                              00000005
RCIF                              00000005
RCIP                              00000005
RCON                              00000FD0
RCREG                             00000FAE
RCREG1                            00000FAE
RCREG2                            00000F1D
RCSTA                             00000FAB
RCSTA1                            00000FAB
RCSTA2                            00000F22
RD                                00000000
RD0                               00000000
RD1                               00000001
RD16                              00000001
RD2                               00000002
RD3                               00000003
RD4                               00000004
RD5                               00000005
MPASM 5.81                          MAIN.ASM   2-17-2020  16:45:05         PAGE 21


SYMBOL TABLE
  LABEL                             VALUE 

RD6                               00000006
RD7                               00000007
RDPU                              00000007
RE0                               00000000
RE1                               00000001
RE2                               00000002
RE3                               00000003
RE4                               00000004
RE5                               00000005
RE6                               00000006
RE7                               00000007
READ_WRITE                        00000002
REFO                              00000003
REFOCON                           00000F2A
REGSLP                            00000007
REPU                              00000006
RF1                               00000001
RF2                               00000002
RF3                               00000003
RF4                               00000004
RF5                               00000005
RF6                               00000006
RF7                               00000007
RG0                               00000000
RG1                               00000001
RG2                               00000002
RG3                               00000003
RG4                               00000004
RG5                               00000005
RH0                               00000000
RH1                               00000001
RH2                               00000002
RH3                               00000003
RH4                               00000004
RH5                               00000005
RH6                               00000006
RH7                               00000007
RI                                00000004
RJ0                               00000000
RJ1                               00000001
RJ2                               00000002
RJ3                               00000003
RJ4                               00000004
RJ5                               00000005
RJ6                               00000006
RJ7                               00000007
RJPU                              00000005
RODIV0                            00000000
RODIV1                            00000001
RODIV2                            00000002
RODIV3                            00000003
ROON                              00000007
ROSEL                             00000004
MPASM 5.81                          MAIN.ASM   2-17-2020  16:45:05         PAGE 22


SYMBOL TABLE
  LABEL                             VALUE 

ROSSLP                            00000005
RSEN                              00000001
RTCC                              00000004
RTCCAL                            00000F5E
RTCCFG                            00000F5F
RTCCIE                            00000000
RTCCIF                            00000000
RTCCIP                            00000000
RTCCMD                            00000005
RTCEN                             00000007
RTCOE                             00000002
RTCPTR0                           00000000
RTCPTR1                           00000001
RTCSYNC                           00000004
RTCVAL                            00000F5C
RTCVALH                           00000F5D
RTCVALL                           00000F5C
RTCWREN                           00000005
RTSECSEL0                         00000001
RTSECSEL1                         00000002
RX1                               00000007
RX2                               00000002
RX9                               00000006
RX91                              00000006
RX92                              00000006
RX9D                              00000000
RX9D1                             00000000
RX9D2                             00000000
RXDTP                             00000005
R_NOT_W                           00000002
R_W                               00000002
S                                 00000003
SBOREN                            00000006
SCK1                              00000003
SCK2                              00000006
SCKLI                             00000000
SCL1                              00000003
SCL2                              00000006
SCS0                              00000000
SCS1                              00000001
SDA1                              00000004
SDA2                              00000005
SDI1                              00000004
SDI2                              00000005
SDO1                              00000005
SDO2                              00000004
SEN                               00000000
SENDB                             00000003
SENDB1                            00000003
SENDB2                            00000003
SMP                               00000007
SOSCEN                            00000003
SOSCGO                            00000003
MPASM 5.81                          MAIN.ASM   2-17-2020  16:45:05         PAGE 23


SYMBOL TABLE
  LABEL                             VALUE 

SOSCI                             00000001
SOSCO                             00000000
SOSCRUN                           00000006
SP0                               00000000
SP1                               00000001
SP2                               00000002
SP3                               00000003
SP4                               00000004
SPBRG                             00000FAF
SPBRG1                            00000FAF
SPBRG2                            00000F1E
SPBRGH1                           00000FD4
SPBRGH2                           00000F1F
SPEN                              00000007
SPEN1                             00000007
SPEN2                             00000007
SPI1OD                            00000007
SPI2OD                            00000000
SREN                              00000005
SREN1                             00000005
SREN2                             00000005
SRETEN                            00000004
SS1                               00000007
SSP1ADD                           00000FC8
SSP1BUF                           00000FC9
SSP1CON1                          00000FC6
SSP1CON2                          00000FC5
SSP1IE                            00000003
SSP1IF                            00000003
SSP1IP                            00000003
SSP1MD                            00000001
SSP1MSK                           00000FC8
SSP1STAT                          00000FC7
SSP2ADD                           00000F69
SSP2BUF                           00000F6A
SSP2CON1                          00000F67
SSP2CON2                          00000F66
SSP2IE                            00000005
SSP2IF                            00000005
SSP2IP                            00000005
SSP2MD                            00000002
SSP2MSK                           00000F69
SSP2STAT                          00000F68
SSPADD                            00000FC8
SSPBUF                            00000FC9
SSPCON1                           00000FC6
SSPCON2                           00000FC5
SSPEN                             00000005
SSPIE                             00000003
SSPIF                             00000003
SSPIP                             00000003
SSPM0                             00000000
SSPM1                             00000001
MPASM 5.81                          MAIN.ASM   2-17-2020  16:45:05         PAGE 24


SYMBOL TABLE
  LABEL                             VALUE 

SSPM2                             00000002
SSPM3                             00000003
SSPOV                             00000006
SSPSTAT                           00000FC7
STATUS                            00000FD8
STKFUL                            00000007
STKOVF                            00000007
STKPTR                            00000FFC
STKUNF                            00000006
STRA                              00000000
STRB                              00000001
STRC                              00000002
STRD                              00000003
STRSYNC                           00000004
SWDTE                             00000000
SWDTEN                            00000000
SYNC                              00000004
SYNC1                             00000004
SYNC2                             00000004
T08BIT                            00000006
T0CKI                             00000004
T0CON                             00000FD5
T0CS                              00000005
T0IE                              00000005
T0IF                              00000002
T0IP                              00000002
T0PS0                             00000000
T0PS1                             00000001
T0PS2                             00000002
T0SE                              00000004
T10CKPS0                          00000000
T10CKPS1                          00000001
T10CON                            00000F33
T10OUTPS0                         00000003
T10OUTPS1                         00000004
T10OUTPS2                         00000005
T10OUTPS3                         00000006
T12CKPS0                          00000000
T12CKPS1                          00000001
T12CON                            00000F30
T12OUTPS0                         00000003
T12OUTPS1                         00000004
T12OUTPS2                         00000005
T12OUTPS3                         00000006
T1CKI                             00000005
T1CKPS0                           00000004
T1CKPS1                           00000005
T1CON                             00000FCD
T1G                               00000005
T1GCON                            00000FAA
T1GGO                             00000003
T1GGO_NOT_T1DONE                  00000003
T1GPOL                            00000006
MPASM 5.81                          MAIN.ASM   2-17-2020  16:45:05         PAGE 25


SYMBOL TABLE
  LABEL                             VALUE 

T1GSPM                            00000004
T1GSS0                            00000000
T1GSS1                            00000001
T1GTM                             00000005
T1GVAL                            00000002
T2CKPS0                           00000000
T2CKPS1                           00000001
T2CON                             00000FCA
T2OUTPS0                          00000003
T2OUTPS1                          00000004
T2OUTPS2                          00000005
T2OUTPS3                          00000006
T3CKI                             00000005
T3CKPS0                           00000004
T3CKPS1                           00000005
T3CON                             00000FB1
T3G                               00000005
T3GCON                            00000FB0
T3GGO                             00000003
T3GGO_NOT_T3DONE                  00000003
T3GPOL                            00000006
T3GSPM                            00000004
T3GSS0                            00000000
T3GSS1                            00000001
T3GTM                             00000005
T3GVAL                            00000002
T4CKPS0                           00000000
T4CKPS1                           00000001
T4CON                             00000F6B
T4OUTPS0                          00000003
T4OUTPS1                          00000004
T4OUTPS2                          00000005
T4OUTPS3                          00000006
T5CKI                             00000001
T5CKPS0                           00000004
T5CKPS1                           00000005
T5CON                             00000F7B
T5G                               00000004
T5GCON                            00000F7A
T5GGO                             00000003
T5GGO_NOT_T5DONE                  00000003
T5GPOL                            00000006
T5GSPM                            00000004
T5GSS0                            00000000
T5GSS1                            00000001
T5GTM                             00000005
T5GVAL                            00000002
T6CKPS0                           00000000
T6CKPS1                           00000001
T6CON                             00000F39
T6OUTPS0                          00000003
T6OUTPS1                          00000004
T6OUTPS2                          00000005
MPASM 5.81                          MAIN.ASM   2-17-2020  16:45:05         PAGE 26


SYMBOL TABLE
  LABEL                             VALUE 

T6OUTPS3                          00000006
T7CKI                             00000004
T7CKPS0                           00000004
T7CKPS1                           00000005
T7CON                             00000F3D
T7G                               00000001
T7GCON                            00000F3C
T7GGO                             00000003
T7GGO_NOT_T7DONE                  00000003
T7GPOL                            00000006
T7GSPM                            00000004
T7GSS0                            00000000
T7GSS1                            00000001
T7GTM                             00000005
T7GVAL                            00000002
T8CKPS0                           00000000
T8CKPS1                           00000001
T8CON                             00000F36
T8OUTPS0                          00000003
T8OUTPS1                          00000004
T8OUTPS2                          00000005
T8OUTPS3                          00000006
TABLAT                            00000FF5
TBLPTR                            00000FF6
TBLPTRH                           00000FF7
TBLPTRL                           00000FF6
TBLPTRU                           00000FF8
TGEN                              00000004
TMR0                              00000FD6
TMR0H                             00000FD7
TMR0IE                            00000005
TMR0IF                            00000002
TMR0IP                            00000002
TMR0L                             00000FD6
TMR0ON                            00000007
TMR1                              00000FCE
TMR10                             00000F35
TMR10IE                           00000005
TMR10IF                           00000005
TMR10IP                           00000005
TMR10MD                           00000007
TMR10ON                           00000002
TMR12                             00000F32
TMR12IE                           00000006
TMR12IF                           00000006
TMR12IP                           00000006
TMR12MD                           00000000
TMR12ON                           00000002
TMR1CS0                           00000006
TMR1CS1                           00000007
TMR1GE                            00000007
TMR1GIE                           00000002
TMR1GIF                           00000002
MPASM 5.81                          MAIN.ASM   2-17-2020  16:45:05         PAGE 27


SYMBOL TABLE
  LABEL                             VALUE 

TMR1GIP                           00000002
TMR1H                             00000FCF
TMR1IE                            00000000
TMR1IF                            00000000
TMR1IP                            00000000
TMR1L                             00000FCE
TMR1MD                            00000001
TMR1ON                            00000000
TMR2                              00000FCC
TMR2IE                            00000001
TMR2IF                            00000001
TMR2IP                            00000001
TMR2MD                            00000002
TMR2ON                            00000002
TMR3                              00000FB2
TMR3CS0                           00000006
TMR3CS1                           00000007
TMR3GE                            00000007
TMR3GIE                           00000000
TMR3GIF                           00000000
TMR3GIP                           00000000
TMR3H                             00000FB3
TMR3IE                            00000001
TMR3IF                            00000001
TMR3IP                            00000001
TMR3L                             00000FB2
TMR3MD                            00000003
TMR3ON                            00000000
TMR4                              00000F6D
TMR4IE                            00000000
TMR4IF                            00000000
TMR4IP                            00000000
TMR4MD                            00000004
TMR4ON                            00000002
TMR5                              00000F7C
TMR5CS0                           00000006
TMR5CS1                           00000007
TMR5GE                            00000007
TMR5GIE                           00000007
TMR5GIF                           00000007
TMR5GIP                           00000007
TMR5H                             00000F7D
TMR5IE                            00000001
TMR5IF                            00000001
TMR5IP                            00000001
TMR5L                             00000F7C
TMR5MD                            00000003
TMR5ON                            00000000
TMR6                              00000F3B
TMR6IE                            00000002
TMR6IF                            00000002
TMR6IP                            00000002
TMR6MD                            00000004
MPASM 5.81                          MAIN.ASM   2-17-2020  16:45:05         PAGE 28


SYMBOL TABLE
  LABEL                             VALUE 

TMR6ON                            00000002
TMR7                              00000F3E
TMR7CS0                           00000006
TMR7CS1                           00000007
TMR7GE                            00000007
TMR7GIE                           00000007
TMR7GIF                           00000007
TMR7GIP                           00000007
TMR7H                             00000F3F
TMR7IE                            00000003
TMR7IF                            00000003
TMR7IP                            00000003
TMR7L                             00000F3E
TMR7MD                            00000005
TMR7ON                            00000000
TMR8                              00000F38
TMR8IE                            00000004
TMR8IF                            00000004
TMR8IP                            00000004
TMR8MD                            00000006
TMR8ON                            00000002
TO                                00000003
TOS                               00000FFD
TOSH                              00000FFE
TOSL                              00000FFD
TOSU                              00000FFF
TRIGSEL0                          00000006
TRIGSEL1                          00000007
TRISA                             00000F92
TRISA0                            00000000
TRISA1                            00000001
TRISA2                            00000002
TRISA3                            00000003
TRISA4                            00000004
TRISA5                            00000005
TRISA6                            00000006
TRISA7                            00000007
TRISB                             00000F93
TRISB0                            00000000
TRISB1                            00000001
TRISB2                            00000002
TRISB3                            00000003
TRISB4                            00000004
TRISB5                            00000005
TRISB6                            00000006
TRISB7                            00000007
TRISC                             00000F94
TRISC0                            00000000
TRISC1                            00000001
TRISC2                            00000002
TRISC3                            00000003
TRISC4                            00000004
TRISC5                            00000005
MPASM 5.81                          MAIN.ASM   2-17-2020  16:45:05         PAGE 29


SYMBOL TABLE
  LABEL                             VALUE 

TRISC6                            00000006
TRISC7                            00000007
TRISD                             00000F95
TRISD0                            00000000
TRISD1                            00000001
TRISD2                            00000002
TRISD3                            00000003
TRISD4                            00000004
TRISD5                            00000005
TRISD6                            00000006
TRISD7                            00000007
TRISE                             00000F96
TRISE0                            00000000
TRISE1                            00000001
TRISE2                            00000002
TRISE3                            00000003
TRISE4                            00000004
TRISE5                            00000005
TRISE6                            00000006
TRISE7                            00000007
TRISF                             00000F97
TRISF1                            00000001
TRISF2                            00000002
TRISF3                            00000003
TRISF4                            00000004
TRISF5                            00000005
TRISF6                            00000006
TRISF7                            00000007
TRISG                             00000F98
TRISG0                            00000000
TRISG1                            00000001
TRISG2                            00000002
TRISG3                            00000003
TRISG4                            00000004
TRISH                             00000F99
TRISH0                            00000000
TRISH1                            00000001
TRISH2                            00000002
TRISH3                            00000003
TRISH4                            00000004
TRISH5                            00000005
TRISH6                            00000006
TRISH7                            00000007
TRISJ                             00000F9A
TRISJ0                            00000000
TRISJ1                            00000001
TRISJ2                            00000002
TRISJ3                            00000003
TRISJ4                            00000004
TRISJ5                            00000005
TRISJ6                            00000006
TRISJ7                            00000007
TRMT                              00000001
MPASM 5.81                          MAIN.ASM   2-17-2020  16:45:05         PAGE 30


SYMBOL TABLE
  LABEL                             VALUE 

TRMT1                             00000001
TRMT2                             00000001
TUN0                              00000000
TUN1                              00000001
TUN2                              00000002
TUN3                              00000003
TUN4                              00000004
TUN5                              00000005
TX1                               00000006
TX1IE                             00000004
TX1IF                             00000004
TX1IP                             00000004
TX2                               00000001
TX2IE                             00000004
TX2IF                             00000004
TX2IP                             00000004
TX8_9                             00000006
TX9                               00000006
TX91                              00000006
TX92                              00000006
TX9D                              00000000
TX9D1                             00000000
TX9D2                             00000000
TXCKP                             00000004
TXD8                              00000000
TXEN                              00000005
TXEN1                             00000005
TXEN2                             00000005
TXIE                              00000004
TXIF                              00000004
TXIP                              00000004
TXREG                             00000FAD
TXREG1                            00000FAD
TXREG2                            00000F1C
TXSTA                             00000FAC
TXSTA1                            00000FAC
TXSTA2                            00000F21
TextLocation                      00000400
U1OD                              00000006
U2OD                              00000007
UA                                00000001
UART1MD                           00000003
UART2MD                           00000004
UB                                00000007
ULPEN                             00000002
ULPLVL                            00000005
ULPSINK                           00000001
ULPWU                             00000000
VCFG0                             00000004
VCFG1                             00000005
VDIRMAG                           00000007
VNCFG                             00000003
VREF_MINUS                        00000002
MPASM 5.81                          MAIN.ASM   2-17-2020  16:45:05         PAGE 31


SYMBOL TABLE
  LABEL                             VALUE 

VREF_PLUS                         00000003
W                                 00000000
WAIT0                             00000004
WAIT1                             00000005
WCOL                              00000007
WDTCON                            00000FD1
WM0                               00000000
WM1                               00000001
WR                                00000001
WREG                              00000FE8
WREN                              00000002
WRERR                             00000003
WRH                               00000003
WRL                               00000002
WUE                               00000001
Z                                 00000002
_ABW_MM_3L                        000000FF
_ABW_XM12_3L                      000000EF
_ABW_XM16_3L                      000000DF
_ABW_XM20_3L                      000000CF
_BBSIZ_BB1K_4L                    000000EF
_BBSIZ_BB2K_4L                    000000FF
_BOREN_NOSLP_2L                   000000FD
_BOREN_OFF_2L                     000000F9
_BOREN_ON_2L                      000000FB
_BOREN_SBORDIS_2L                 000000FF
_BORPWR_HIGH_2L                   000000DF
_BORPWR_LOW_2L                    0000009F
_BORPWR_MEDIUM_2L                 000000BF
_BORPWR_ZPBORMV_2L                000000FF
_BORV_0_2L                        000000E7
_BORV_1_2L                        000000EF
_BORV_2_2L                        000000F7
_BORV_3_2L                        000000FF
_BW_16_3L                         000000FF
_BW_8_3L                          000000BF
_CCP2MX_PORTBE_3H                 000000FE
_CCP2MX_PORTC_3H                  000000FF
_CONFIG1H                         00300001
_CONFIG1L                         00300000
_CONFIG2H                         00300003
_CONFIG2L                         00300002
_CONFIG3H                         00300005
_CONFIG3L                         00300004
_CONFIG4L                         00300006
_CONFIG5H                         00300009
_CONFIG5L                         00300008
_CONFIG6H                         0030000B
_CONFIG6L                         0030000A
_CONFIG7H                         0030000D
_CONFIG7L                         0030000C
_CP0_OFF_5L                       000000FF
_CP0_ON_5L                        000000FE
MPASM 5.81                          MAIN.ASM   2-17-2020  16:45:05         PAGE 32


SYMBOL TABLE
  LABEL                             VALUE 

_CP1_OFF_5L                       000000FF
_CP1_ON_5L                        000000FD
_CP2_OFF_5L                       000000FF
_CP2_ON_5L                        000000FB
_CP3_OFF_5L                       000000FF
_CP3_ON_5L                        000000F7
_CP4_OFF_5L                       000000FF
_CP4_ON_5L                        000000EF
_CP5_OFF_5L                       000000FF
_CP5_ON_5L                        000000DF
_CP6_OFF_5L                       000000FF
_CP6_ON_5L                        000000BF
_CP7_OFF_5L                       000000FF
_CP7_ON_5L                        0000007F
_CPB_OFF_5H                       000000FF
_CPB_ON_5H                        000000BF
_CPD_OFF_5H                       000000FF
_CPD_ON_5H                        0000007F
_DEBUG_OFF_4L                     000000FF
_DEBUG_ON_4L                      0000007F
_DEVID1                           003FFFFE
_DEVID2                           003FFFFF
_EASHFT_OFF_3L                    000000F7
_EASHFT_ON_3L                     000000FF
_EBRT0_OFF_7L                     000000FF
_EBRT0_ON_7L                      000000FE
_EBRT1_OFF_7L                     000000FF
_EBRT1_ON_7L                      000000FD
_EBRT2_OFF_7L                     000000FF
_EBRT2_ON_7L                      000000FB
_EBRT3_OFF_7L                     000000FF
_EBRT3_ON_7L                      000000F7
_EBRT4_OFF_7L                     000000FF
_EBRT4_ON_7L                      000000EF
_EBRT5_OFF_7L                     000000FF
_EBRT5_ON_7L                      000000DF
_EBRT6_OFF_7L                     000000FF
_EBRT6_ON_7L                      000000BF
_EBRT7_OFF_7L                     000000FF
_EBRT7_ON_7L                      0000007F
_EBRTB_OFF_7H                     000000FF
_EBRTB_ON_7H                      000000BF
_ECCPMX_PORTE_3H                  000000FF
_ECCPMX_PORTH_3H                  000000FD
_FCMEN_OFF_1H                     000000BF
_FCMEN_ON_1H                      000000FF
_FOSC_EC1IO_1H                    000000FC
_FOSC_EC1_1H                      000000FD
_FOSC_EC2IO_1H                    000000FA
_FOSC_EC2_1H                      000000FB
_FOSC_EC3IO_1H                    000000F4
_FOSC_EC3_1H                      000000F5
_FOSC_HS1_1H                      000000F3
MPASM 5.81                          MAIN.ASM   2-17-2020  16:45:05         PAGE 33


SYMBOL TABLE
  LABEL                             VALUE 

_FOSC_HS2_1H                      000000F2
_FOSC_INTIO1_1H                   000000F9
_FOSC_INTIO2_1H                   000000F8
_FOSC_LP_1H                       000000F0
_FOSC_RCIO_1H                     000000F7
_FOSC_RC_1H                       000000F6
_FOSC_XT_1H                       000000F1
_IDLOC0                           00200000
_IDLOC1                           00200001
_IDLOC2                           00200002
_IDLOC3                           00200003
_IDLOC4                           00200004
_IDLOC5                           00200005
_IDLOC6                           00200006
_IDLOC7                           00200007
_IESO_OFF_1H                      0000007F
_IESO_ON_1H                       000000FF
_INTOSCSEL_HIGH_1L                000000FF
_INTOSCSEL_LOW_1L                 000000FB
_MCLRE_OFF_3H                     0000007F
_MCLRE_ON_3H                      000000FF
_MSSPMSK_MSK5_3H                  000000F7
_MSSPMSK_MSK7_3H                  000000FF
_PLLCFG_OFF_1H                    000000EF
_PLLCFG_ON_1H                     000000FF
_PWRTEN_OFF_2L                    000000FF
_PWRTEN_ON_2L                     000000FE
_RETEN_OFF_1L                     000000FE
_RETEN_ON_1L                      000000FF
_RTCOSC_INTOSCREF_3L              000000FE
_RTCOSC_SOSCREF_3L                000000FF
_SOSCSEL_DIG_1L                   000000F7
_SOSCSEL_HIGH_1L                  000000FF
_SOSCSEL_LOW_1L                   000000EF
_STVREN_OFF_4L                    000000FE
_STVREN_ON_4L                     000000FF
_WAIT_OFF_3L                      000000FF
_WAIT_ON_3L                       0000007F
_WDTEN_NOSLP_2H                   000000FD
_WDTEN_OFF_2H                     000000FC
_WDTEN_ON_2H                      000000FE
_WDTEN_SWDTDIS_2H                 000000FF
_WDTPS_1024_2H                    000000AB
_WDTPS_1048576_2H                 000000FF
_WDTPS_128_2H                     0000009F
_WDTPS_131072_2H                  000000C7
_WDTPS_16384_2H                   000000BB
_WDTPS_16_2H                      00000093
_WDTPS_1_2H                       00000083
_WDTPS_2048_2H                    000000AF
_WDTPS_256_2H                     000000A3
_WDTPS_262144_2H                  000000CB
_WDTPS_2_2H                       00000087
MPASM 5.81                          MAIN.ASM   2-17-2020  16:45:05         PAGE 34


SYMBOL TABLE
  LABEL                             VALUE 

_WDTPS_32768_2H                   000000BF
_WDTPS_32_2H                      00000097
_WDTPS_4096_2H                    000000B3
_WDTPS_4_2H                       0000008B
_WDTPS_512_2H                     000000A7
_WDTPS_524288_2H                  000000CF
_WDTPS_64_2H                      0000009B
_WDTPS_65536_2H                   000000C3
_WDTPS_8192_2H                    000000B7
_WDTPS_8_2H                       0000008F
_WRT0_OFF_6L                      000000FF
_WRT0_ON_6L                       000000FE
_WRT1_OFF_6L                      000000FF
_WRT1_ON_6L                       000000FD
_WRT2_OFF_6L                      000000FF
_WRT2_ON_6L                       000000FB
_WRT3_OFF_6L                      000000FF
_WRT3_ON_6L                       000000F7
_WRT4_OFF_6L                      000000FF
_WRT4_ON_6L                       000000EF
_WRT5_OFF_6L                      000000FF
_WRT5_ON_6L                       000000DF
_WRT6_OFF_6L                      000000FF
_WRT6_ON_6L                       000000BF
_WRT7_OFF_6L                      000000FF
_WRT7_ON_6L                       0000007F
_WRTB_OFF_6H                      000000FF
_WRTB_ON_6H                       000000BF
_WRTC_OFF_6H                      000000FF
_WRTC_ON_6H                       000000DF
_WRTD_OFF_6H                      000000FF
_WRTD_ON_6H                       0000007F
_XINST_OFF_1L                     000000BF
_XINST_ON_1L                      000000FF
__18F87K22                        00000001
__DEBUG                           
__MPLAB_DEBUGGER_ICD3             1
_main_000C                        0000000C
d0                                00000000
d1                                00000001
d2                                00000002
greet_len                         0000000E
initialise                        00000000
level                             00000003
setup                             00000000
writemessage                      00000000

Errors   :     0
Warnings :     0 reported,     0 suppressed
Messages :     0 reported,     0 suppressed

